2026-06-26T08:23:19.240+01:00  INFO 239524 --- [assurance-nation] [main] c.a.nation.AssuranceNationApplication    : Starting AssuranceNationApplication using Java 17.0.19 with PID 239524 (/home/legeekcharmant/Documents/Projets/CSI/ASSURANCE-NATION-/target/classes started by legeekcharmant in /home/legeekcharmant/Documents/Projets/CSI/ASSURANCE-NATION-)
2026-06-26T08:23:19.246+01:00  INFO 239524 --- [assurance-nation] [main] c.a.nation.AssuranceNationApplication    : The following 1 profile is active: "dev"
2026-06-26T08:23:19.578+01:00  INFO 239524 --- [assurance-nation] [main] .s.d.r.c.RepositoryConfigurationDelegate : Bootstrapping Spring Data JPA repositories in DEFAULT mode.
2026-06-26T08:23:19.622+01:00  INFO 239524 --- [assurance-nation] [main] .s.d.r.c.RepositoryConfigurationDelegate : Finished Spring Data repository scanning in 39 ms. Found 10 JPA repository interfaces.
2026-06-26T08:23:20.090+01:00  INFO 239524 --- [assurance-nation] [main] o.s.b.w.embedded.tomcat.TomcatWebServer  : Tomcat initialized with port 8081 (http)
2026-06-26T08:23:20.096+01:00  INFO 239524 --- [assurance-nation] [main] o.apache.catalina.core.StandardService   : Starting service [Tomcat]
2026-06-26T08:23:20.096+01:00  INFO 239524 --- [assurance-nation] [main] o.apache.catalina.core.StandardEngine    : Starting Servlet engine: [Apache Tomcat/10.1.20]
2026-06-26T08:23:20.129+01:00  INFO 239524 --- [assurance-nation] [main] o.a.c.c.C.[Tomcat].[localhost].[/]       : Initializing Spring embedded WebApplicationContext
2026-06-26T08:23:20.129+01:00  INFO 239524 --- [assurance-nation] [main] w.s.c.ServletWebServerApplicationContext : Root WebApplicationContext: initialization completed in 857 ms
2026-06-26T08:23:20.191+01:00  INFO 239524 --- [assurance-nation] [main] com.zaxxer.hikari.HikariDataSource       : HikariPool-1 - Starting...
2026-06-26T08:23:20.346+01:00  INFO 239524 --- [assurance-nation] [main] com.zaxxer.hikari.pool.HikariPool        : HikariPool-1 - Added connection org.postgresql.jdbc.PgConnection@7af1d072
2026-06-26T08:23:20.347+01:00  INFO 239524 --- [assurance-nation] [main] com.zaxxer.hikari.HikariDataSource       : HikariPool-1 - Start completed.
2026-06-26T08:23:20.391+01:00  INFO 239524 --- [assurance-nation] [main] o.f.c.internal.license.VersionPrinter    : Flyway Community Edition 9.22.3 by Redgate
2026-06-26T08:23:20.392+01:00  INFO 239524 --- [assurance-nation] [main] o.f.c.internal.license.VersionPrinter    : See release notes here: https://rd.gt/416ObMi
2026-06-26T08:23:20.392+01:00  INFO 239524 --- [assurance-nation] [main] o.f.c.internal.license.VersionPrinter    : 
2026-06-26T08:23:20.399+01:00  INFO 239524 --- [assurance-nation] [main] org.flywaydb.core.FlywayExecutor         : Database: jdbc:postgresql://localhost:5432/assurance_nation (PostgreSQL 18.4)
2026-06-26T08:23:20.402+01:00  WARN 239524 --- [assurance-nation] [main] o.f.c.internal.database.base.Database    : Flyway upgrade recommended: PostgreSQL 18.4 is newer than this version of Flyway and support has not been tested. The latest supported version of PostgreSQL is 15.
2026-06-26T08:23:20.414+01:00  INFO 239524 --- [assurance-nation] [main] o.f.c.i.s.JdbcTableSchemaHistory         : Schema history table "public"."flyway_schema_history" does not exist yet
2026-06-26T08:23:20.416+01:00  INFO 239524 --- [assurance-nation] [main] o.f.core.internal.command.DbValidate     : Successfully validated 5 migrations (execution time 00:00.008s)
2026-06-26T08:23:20.423+01:00  INFO 239524 --- [assurance-nation] [main] o.f.c.i.s.JdbcTableSchemaHistory         : Creating Schema History table "public"."flyway_schema_history" ...
2026-06-26T08:23:20.461+01:00  INFO 239524 --- [assurance-nation] [main] o.f.core.internal.command.DbMigrate      : Current version of schema "public": << Empty Schema >>
2026-06-26T08:23:20.468+01:00  INFO 239524 --- [assurance-nation] [main] o.f.core.internal.command.DbMigrate      : Migrating schema "public" to version "1 - init"
2026-06-26T08:23:20.499+01:00  INFO 239524 --- [assurance-nation] [main] o.f.core.internal.command.DbMigrate      : Migrating schema "public" to version "2 - seed roles"
2026-06-26T08:23:20.509+01:00  INFO 239524 --- [assurance-nation] [main] o.f.core.internal.command.DbMigrate      : Migrating schema "public" to version "3 - seed demo data"
2026-06-26T08:23:20.521+01:00  INFO 239524 --- [assurance-nation] [main] o.f.core.internal.command.DbMigrate      : Migrating schema "public" to version "4 - add specialite libelle"
2026-06-26T08:23:20.528+01:00  INFO 239524 --- [assurance-nation] [main] o.f.core.internal.command.DbMigrate      : Migrating schema "public" to version "5 - add user photo"
2026-06-26T08:23:20.534+01:00  INFO 239524 --- [assurance-nation] [main] o.f.core.internal.command.DbMigrate      : Successfully applied 5 migrations to schema "public", now at version v5 (execution time 00:00.030s)
2026-06-26T08:23:20.589+01:00  INFO 239524 --- [assurance-nation] [main] o.hibernate.jpa.internal.util.LogHelper  : HHH000204: Processing PersistenceUnitInfo [name: default]
2026-06-26T08:23:20.624+01:00  INFO 239524 --- [assurance-nation] [main] org.hibernate.Version                    : HHH000412: Hibernate ORM core version 6.4.4.Final
2026-06-26T08:23:20.646+01:00  INFO 239524 --- [assurance-nation] [main] o.h.c.internal.RegionFactoryInitiator    : HHH000026: Second-level cache disabled
2026-06-26T08:23:20.769+01:00  INFO 239524 --- [assurance-nation] [main] o.s.o.j.p.SpringPersistenceUnitInfo      : No LoadTimeWeaver setup: ignoring JPA class transformer
2026-06-26T08:23:20.813+01:00  WARN 239524 --- [assurance-nation] [main] org.hibernate.orm.deprecation            : HHH90000025: PostgreSQLDialect does not need to be specified explicitly using 'hibernate.dialect' (remove the property setting and it will be selected by default)
2026-06-26T08:23:20.873+01:00  WARN 239524 --- [assurance-nation] [main] o.h.boot.model.internal.EntityBinder     : HHH000457: Joined inheritance hierarchy [com.assurance.nation.entity.User] defined explicit @DiscriminatorColumn.  Legacy Hibernate behavior was to ignore the @DiscriminatorColumn.  However, as part of issue HHH-6911 we now apply the explicit @DiscriminatorColumn.  If you would prefer the legacy behavior, enable the `hibernate.discriminator.ignore_explicit_for_joined` setting (hibernate.discriminator.ignore_explicit_for_joined=true)
2026-06-26T08:23:20.928+01:00  WARN 239524 --- [assurance-nation] [main] o.h.boot.model.internal.EntityBinder     : HHH000457: Joined inheritance hierarchy [com.assurance.nation.entity.Prescription] defined explicit @DiscriminatorColumn.  Legacy Hibernate behavior was to ignore the @DiscriminatorColumn.  However, as part of issue HHH-6911 we now apply the explicit @DiscriminatorColumn.  If you would prefer the legacy behavior, enable the `hibernate.discriminator.ignore_explicit_for_joined` setting (hibernate.discriminator.ignore_explicit_for_joined=true)
2026-06-26T08:23:21.471+01:00  INFO 239524 --- [assurance-nation] [main] o.h.e.t.j.p.i.JtaPlatformInitiator       : HHH000489: No JTA platform available (set 'hibernate.transaction.jta.platform' to enable JTA platform integration)
2026-06-26T08:23:21.621+01:00  INFO 239524 --- [assurance-nation] [main] j.LocalContainerEntityManagerFactoryBean : Initialized JPA EntityManagerFactory for persistence unit 'default'
2026-06-26T08:23:21.811+01:00  INFO 239524 --- [assurance-nation] [main] o.s.d.j.r.query.QueryEnhancerFactory     : Hibernate is in classpath; If applicable, HQL parser will be used.
2026-06-26T08:23:23.210+01:00  INFO 239524 --- [assurance-nation] [main] o.s.b.w.embedded.tomcat.TomcatWebServer  : Tomcat started on port 8081 (http) with context path ''
2026-06-26T08:23:23.217+01:00  INFO 239524 --- [assurance-nation] [main] c.a.nation.AssuranceNationApplication    : Started AssuranceNationApplication in 4.239 seconds (process running for 4.43)
2026-06-26T08:23:23.583+01:00  INFO 239524 --- [assurance-nation] [main] c.a.nation.config.DataInitializer        : Compte admin: admin@assurance-nation.local / admin123
2026-06-26T08:23:24.137+01:00  INFO 239524 --- [assurance-nation] [http-nio-8081-exec-1] o.a.c.c.C.[Tomcat].[localhost].[/]       : Initializing Spring DispatcherServlet 'dispatcherServlet'
2026-06-26T08:23:24.137+01:00  INFO 239524 --- [assurance-nation] [http-nio-8081-exec-1] o.s.web.servlet.DispatcherServlet        : Initializing Servlet 'dispatcherServlet'
2026-06-26T08:23:24.138+01:00  INFO 239524 --- [assurance-nation] [http-nio-8081-exec-1] o.s.web.servlet.DispatcherServlet        : Completed initialization in 1 ms
2026-06-26T08:23:24.190+01:00  INFO 239524 --- [assurance-nation] [SpringApplicationShutdownHook] j.LocalContainerEntityManagerFactoryBean : Closing JPA EntityManagerFactory for persistence unit 'default'
2026-06-26T08:23:24.192+01:00  INFO 239524 --- [assurance-nation] [SpringApplicationShutdownHook] com.zaxxer.hikari.HikariDataSource       : HikariPool-1 - Shutdown initiated...
2026-06-26T08:23:24.196+01:00  INFO 239524 --- [assurance-nation] [SpringApplicationShutdownHook] com.zaxxer.hikari.HikariDataSource       : HikariPool-1 - Shutdown completed.
2026-06-26T09:07:41.035+01:00  INFO 328618 --- [assurance-nation] [main] c.a.nation.AssuranceNationApplication    : Starting AssuranceNationApplication using Java 17.0.19 with PID 328618 (/home/legeekcharmant/Documents/Projets/CSI/ASSURANCE-NATION-/target/classes started by legeekcharmant in /home/legeekcharmant/Documents/Projets/CSI/ASSURANCE-NATION-)
2026-06-26T09:07:41.036+01:00  INFO 328618 --- [assurance-nation] [main] c.a.nation.AssuranceNationApplication    : The following 1 profile is active: "dev"
2026-06-26T09:07:41.385+01:00  INFO 328618 --- [assurance-nation] [main] .s.d.r.c.RepositoryConfigurationDelegate : Bootstrapping Spring Data JPA repositories in DEFAULT mode.
2026-06-26T09:07:41.430+01:00  INFO 328618 --- [assurance-nation] [main] .s.d.r.c.RepositoryConfigurationDelegate : Finished Spring Data repository scanning in 40 ms. Found 10 JPA repository interfaces.
2026-06-26T09:07:41.918+01:00  INFO 328618 --- [assurance-nation] [main] o.s.b.w.embedded.tomcat.TomcatWebServer  : Tomcat initialized with port 8081 (http)
2026-06-26T09:07:41.925+01:00  INFO 328618 --- [assurance-nation] [main] o.apache.catalina.core.StandardService   : Starting service [Tomcat]
2026-06-26T09:07:41.925+01:00  INFO 328618 --- [assurance-nation] [main] o.apache.catalina.core.StandardEngine    : Starting Servlet engine: [Apache Tomcat/10.1.20]
2026-06-26T09:07:41.953+01:00  INFO 328618 --- [assurance-nation] [main] o.a.c.c.C.[Tomcat].[localhost].[/]       : Initializing Spring embedded WebApplicationContext
2026-06-26T09:07:41.954+01:00  INFO 328618 --- [assurance-nation] [main] w.s.c.ServletWebServerApplicationContext : Root WebApplicationContext: initialization completed in 890 ms
2026-06-26T09:07:42.018+01:00  INFO 328618 --- [assurance-nation] [main] com.zaxxer.hikari.HikariDataSource       : HikariPool-1 - Starting...
2026-06-26T09:07:42.187+01:00  INFO 328618 --- [assurance-nation] [main] com.zaxxer.hikari.pool.HikariPool        : HikariPool-1 - Added connection org.postgresql.jdbc.PgConnection@25699aa7
2026-06-26T09:07:42.188+01:00  INFO 328618 --- [assurance-nation] [main] com.zaxxer.hikari.HikariDataSource       : HikariPool-1 - Start completed.
2026-06-26T09:07:42.228+01:00  INFO 328618 --- [assurance-nation] [main] o.f.c.internal.license.VersionPrinter    : Flyway Community Edition 9.22.3 by Redgate
2026-06-26T09:07:42.229+01:00  INFO 328618 --- [assurance-nation] [main] o.f.c.internal.license.VersionPrinter    : See release notes here: https://rd.gt/416ObMi
2026-06-26T09:07:42.229+01:00  INFO 328618 --- [assurance-nation] [main] o.f.c.internal.license.VersionPrinter    : 
2026-06-26T09:07:42.235+01:00  INFO 328618 --- [assurance-nation] [main] org.flywaydb.core.FlywayExecutor         : Database: jdbc:postgresql://localhost:5432/assurance_nation (PostgreSQL 18.4)
2026-06-26T09:07:42.239+01:00  WARN 328618 --- [assurance-nation] [main] o.f.c.internal.database.base.Database    : Flyway upgrade recommended: PostgreSQL 18.4 is newer than this version of Flyway and support has not been tested. The latest supported version of PostgreSQL is 15.
2026-06-26T09:07:42.258+01:00  INFO 328618 --- [assurance-nation] [main] o.f.core.internal.command.DbValidate     : Successfully validated 5 migrations (execution time 00:00.014s)
2026-06-26T09:07:42.288+01:00  INFO 328618 --- [assurance-nation] [main] o.f.core.internal.command.DbMigrate      : Current version of schema "public": 5
2026-06-26T09:07:42.290+01:00  INFO 328618 --- [assurance-nation] [main] o.f.core.internal.command.DbMigrate      : Schema "public" is up to date. No migration necessary.
2026-06-26T09:07:42.340+01:00  INFO 328618 --- [assurance-nation] [main] o.hibernate.jpa.internal.util.LogHelper  : HHH000204: Processing PersistenceUnitInfo [name: default]
2026-06-26T09:07:42.374+01:00  INFO 328618 --- [assurance-nation] [main] org.hibernate.Version                    : HHH000412: Hibernate ORM core version 6.4.4.Final
2026-06-26T09:07:42.394+01:00  INFO 328618 --- [assurance-nation] [main] o.h.c.internal.RegionFactoryInitiator    : HHH000026: Second-level cache disabled
2026-06-26T09:07:42.523+01:00  INFO 328618 --- [assurance-nation] [main] o.s.o.j.p.SpringPersistenceUnitInfo      : No LoadTimeWeaver setup: ignoring JPA class transformer
2026-06-26T09:07:42.552+01:00  WARN 328618 --- [assurance-nation] [main] org.hibernate.orm.deprecation            : HHH90000025: PostgreSQLDialect does not need to be specified explicitly using 'hibernate.dialect' (remove the property setting and it will be selected by default)
2026-06-26T09:07:42.620+01:00  WARN 328618 --- [assurance-nation] [main] o.h.boot.model.internal.EntityBinder     : HHH000457: Joined inheritance hierarchy [com.assurance.nation.entity.User] defined explicit @DiscriminatorColumn.  Legacy Hibernate behavior was to ignore the @DiscriminatorColumn.  However, as part of issue HHH-6911 we now apply the explicit @DiscriminatorColumn.  If you would prefer the legacy behavior, enable the `hibernate.discriminator.ignore_explicit_for_joined` setting (hibernate.discriminator.ignore_explicit_for_joined=true)
2026-06-26T09:07:42.671+01:00  WARN 328618 --- [assurance-nation] [main] o.h.boot.model.internal.EntityBinder     : HHH000457: Joined inheritance hierarchy [com.assurance.nation.entity.Prescription] defined explicit @DiscriminatorColumn.  Legacy Hibernate behavior was to ignore the @DiscriminatorColumn.  However, as part of issue HHH-6911 we now apply the explicit @DiscriminatorColumn.  If you would prefer the legacy behavior, enable the `hibernate.discriminator.ignore_explicit_for_joined` setting (hibernate.discriminator.ignore_explicit_for_joined=true)
2026-06-26T09:07:43.210+01:00  INFO 328618 --- [assurance-nation] [main] o.h.e.t.j.p.i.JtaPlatformInitiator       : HHH000489: No JTA platform available (set 'hibernate.transaction.jta.platform' to enable JTA platform integration)
2026-06-26T09:07:43.335+01:00  INFO 328618 --- [assurance-nation] [main] j.LocalContainerEntityManagerFactoryBean : Initialized JPA EntityManagerFactory for persistence unit 'default'
2026-06-26T09:07:43.453+01:00  INFO 328618 --- [assurance-nation] [main] o.s.d.j.r.query.QueryEnhancerFactory     : Hibernate is in classpath; If applicable, HQL parser will be used.
2026-06-26T09:07:44.824+01:00  INFO 328618 --- [assurance-nation] [main] o.s.b.w.embedded.tomcat.TomcatWebServer  : Tomcat started on port 8081 (http) with context path ''
2026-06-26T09:07:44.831+01:00  INFO 328618 --- [assurance-nation] [main] c.a.nation.AssuranceNationApplication    : Started AssuranceNationApplication in 4.066 seconds (process running for 4.245)
2026-06-26T09:07:44.943+01:00  INFO 328618 --- [assurance-nation] [http-nio-8081-exec-2] o.a.c.c.C.[Tomcat].[localhost].[/]       : Initializing Spring DispatcherServlet 'dispatcherServlet'
2026-06-26T09:07:44.943+01:00  INFO 328618 --- [assurance-nation] [http-nio-8081-exec-2] o.s.web.servlet.DispatcherServlet        : Initializing Servlet 'dispatcherServlet'
2026-06-26T09:07:44.944+01:00  INFO 328618 --- [assurance-nation] [http-nio-8081-exec-2] o.s.web.servlet.DispatcherServlet        : Completed initialization in 1 ms
2026-06-26T09:15:02.723+01:00  INFO 328618 --- [assurance-nation] [SpringApplicationShutdownHook] j.LocalContainerEntityManagerFactoryBean : Closing JPA EntityManagerFactory for persistence unit 'default'
2026-06-26T09:15:02.726+01:00  INFO 328618 --- [assurance-nation] [SpringApplicationShutdownHook] com.zaxxer.hikari.HikariDataSource       : HikariPool-1 - Shutdown initiated...
2026-06-26T09:15:02.731+01:00  INFO 328618 --- [assurance-nation] [SpringApplicationShutdownHook] com.zaxxer.hikari.HikariDataSource       : HikariPool-1 - Shutdown completed.
2026-06-26T09:18:54.790+01:00  INFO 351369 --- [assurance-nation] [main] c.a.nation.AssuranceNationApplication    : Starting AssuranceNationApplication using Java 17.0.19 with PID 351369 (/home/legeekcharmant/Documents/Projets/CSI/ASSURANCE-NATION-/target/classes started by legeekcharmant in /home/legeekcharmant/Documents/Projets/CSI/ASSURANCE-NATION-)
2026-06-26T09:18:54.792+01:00  INFO 351369 --- [assurance-nation] [main] c.a.nation.AssuranceNationApplication    : The following 1 profile is active: "dev"
2026-06-26T09:18:55.139+01:00  INFO 351369 --- [assurance-nation] [main] .s.d.r.c.RepositoryConfigurationDelegate : Bootstrapping Spring Data JPA repositories in DEFAULT mode.
2026-06-26T09:18:55.187+01:00  INFO 351369 --- [assurance-nation] [main] .s.d.r.c.RepositoryConfigurationDelegate : Finished Spring Data repository scanning in 40 ms. Found 10 JPA repository interfaces.
2026-06-26T09:18:55.661+01:00  INFO 351369 --- [assurance-nation] [main] o.s.b.w.embedded.tomcat.TomcatWebServer  : Tomcat initialized with port 8081 (http)
2026-06-26T09:18:55.669+01:00  INFO 351369 --- [assurance-nation] [main] o.apache.catalina.core.StandardService   : Starting service [Tomcat]
2026-06-26T09:18:55.669+01:00  INFO 351369 --- [assurance-nation] [main] o.apache.catalina.core.StandardEngine    : Starting Servlet engine: [Apache Tomcat/10.1.20]
2026-06-26T09:18:55.702+01:00  INFO 351369 --- [assurance-nation] [main] o.a.c.c.C.[Tomcat].[localhost].[/]       : Initializing Spring embedded WebApplicationContext
2026-06-26T09:18:55.703+01:00  INFO 351369 --- [assurance-nation] [main] w.s.c.ServletWebServerApplicationContext : Root WebApplicationContext: initialization completed in 882 ms
2026-06-26T09:18:55.772+01:00  INFO 351369 --- [assurance-nation] [main] com.zaxxer.hikari.HikariDataSource       : HikariPool-1 - Starting...
2026-06-26T09:18:55.969+01:00  INFO 351369 --- [assurance-nation] [main] com.zaxxer.hikari.pool.HikariPool        : HikariPool-1 - Added connection org.postgresql.jdbc.PgConnection@2e4eda17
2026-06-26T09:18:55.970+01:00  INFO 351369 --- [assurance-nation] [main] com.zaxxer.hikari.HikariDataSource       : HikariPool-1 - Start completed.
2026-06-26T09:18:56.009+01:00  INFO 351369 --- [assurance-nation] [main] o.f.c.internal.license.VersionPrinter    : Flyway Community Edition 9.22.3 by Redgate
2026-06-26T09:18:56.009+01:00  INFO 351369 --- [assurance-nation] [main] o.f.c.internal.license.VersionPrinter    : See release notes here: https://rd.gt/416ObMi
2026-06-26T09:18:56.009+01:00  INFO 351369 --- [assurance-nation] [main] o.f.c.internal.license.VersionPrinter    : 
2026-06-26T09:18:56.016+01:00  INFO 351369 --- [assurance-nation] [main] org.flywaydb.core.FlywayExecutor         : Database: jdbc:postgresql://localhost:5432/assurance_nation (PostgreSQL 18.4)
2026-06-26T09:18:56.020+01:00  WARN 351369 --- [assurance-nation] [main] o.f.c.internal.database.base.Database    : Flyway upgrade recommended: PostgreSQL 18.4 is newer than this version of Flyway and support has not been tested. The latest supported version of PostgreSQL is 15.
2026-06-26T09:18:56.038+01:00  INFO 351369 --- [assurance-nation] [main] o.f.core.internal.command.DbValidate     : Successfully validated 5 migrations (execution time 00:00.012s)
2026-06-26T09:18:56.066+01:00  INFO 351369 --- [assurance-nation] [main] o.f.core.internal.command.DbMigrate      : Current version of schema "public": 5
2026-06-26T09:18:56.068+01:00  INFO 351369 --- [assurance-nation] [main] o.f.core.internal.command.DbMigrate      : Schema "public" is up to date. No migration necessary.
2026-06-26T09:18:56.120+01:00  INFO 351369 --- [assurance-nation] [main] o.hibernate.jpa.internal.util.LogHelper  : HHH000204: Processing PersistenceUnitInfo [name: default]
2026-06-26T09:18:56.155+01:00  INFO 351369 --- [assurance-nation] [main] org.hibernate.Version                    : HHH000412: Hibernate ORM core version 6.4.4.Final
2026-06-26T09:18:56.176+01:00  INFO 351369 --- [assurance-nation] [main] o.h.c.internal.RegionFactoryInitiator    : HHH000026: Second-level cache disabled
2026-06-26T09:18:56.313+01:00  INFO 351369 --- [assurance-nation] [main] o.s.o.j.p.SpringPersistenceUnitInfo      : No LoadTimeWeaver setup: ignoring JPA class transformer
2026-06-26T09:18:56.341+01:00  WARN 351369 --- [assurance-nation] [main] org.hibernate.orm.deprecation            : HHH90000025: PostgreSQLDialect does not need to be specified explicitly using 'hibernate.dialect' (remove the property setting and it will be selected by default)
2026-06-26T09:18:56.398+01:00  WARN 351369 --- [assurance-nation] [main] o.h.boot.model.internal.EntityBinder     : HHH000457: Joined inheritance hierarchy [com.assurance.nation.entity.User] defined explicit @DiscriminatorColumn.  Legacy Hibernate behavior was to ignore the @DiscriminatorColumn.  However, as part of issue HHH-6911 we now apply the explicit @DiscriminatorColumn.  If you would prefer the legacy behavior, enable the `hibernate.discriminator.ignore_explicit_for_joined` setting (hibernate.discriminator.ignore_explicit_for_joined=true)
2026-06-26T09:18:56.450+01:00  WARN 351369 --- [assurance-nation] [main] o.h.boot.model.internal.EntityBinder     : HHH000457: Joined inheritance hierarchy [com.assurance.nation.entity.Prescription] defined explicit @DiscriminatorColumn.  Legacy Hibernate behavior was to ignore the @DiscriminatorColumn.  However, as part of issue HHH-6911 we now apply the explicit @DiscriminatorColumn.  If you would prefer the legacy behavior, enable the `hibernate.discriminator.ignore_explicit_for_joined` setting (hibernate.discriminator.ignore_explicit_for_joined=true)
2026-06-26T09:18:56.992+01:00  INFO 351369 --- [assurance-nation] [main] o.h.e.t.j.p.i.JtaPlatformInitiator       : HHH000489: No JTA platform available (set 'hibernate.transaction.jta.platform' to enable JTA platform integration)
2026-06-26T09:18:57.114+01:00  INFO 351369 --- [assurance-nation] [main] j.LocalContainerEntityManagerFactoryBean : Initialized JPA EntityManagerFactory for persistence unit 'default'
2026-06-26T09:18:57.245+01:00  INFO 351369 --- [assurance-nation] [main] o.s.d.j.r.query.QueryEnhancerFactory     : Hibernate is in classpath; If applicable, HQL parser will be used.
2026-06-26T09:18:58.625+01:00  INFO 351369 --- [assurance-nation] [main] o.s.b.w.embedded.tomcat.TomcatWebServer  : Tomcat started on port 8081 (http) with context path ''
2026-06-26T09:18:58.633+01:00  INFO 351369 --- [assurance-nation] [main] c.a.nation.AssuranceNationApplication    : Started AssuranceNationApplication in 4.111 seconds (process running for 4.305)
2026-06-26T09:19:48.701+01:00  INFO 351369 --- [assurance-nation] [SpringApplicationShutdownHook] j.LocalContainerEntityManagerFactoryBean : Closing JPA EntityManagerFactory for persistence unit 'default'
2026-06-26T09:19:48.703+01:00  INFO 351369 --- [assurance-nation] [SpringApplicationShutdownHook] com.zaxxer.hikari.HikariDataSource       : HikariPool-1 - Shutdown initiated...
2026-06-26T09:19:48.707+01:00  INFO 351369 --- [assurance-nation] [SpringApplicationShutdownHook] com.zaxxer.hikari.HikariDataSource       : HikariPool-1 - Shutdown completed.
